amshell_example/build/intermediates/manifest_merge_blame_file/debug/manifest-merger-blame-debug-report.txt
1<?xml version="1.0" encoding="utf-8"?>
2<manifest xmlns:android="http://schemas.android.com/apk/res/android"
3    package="com.annimon.midedit"
4    android:versionCode="1"
5    android:versionName="1" >
6
7    <uses-sdk
8        android:minSdkVersion="15"
8-->src\main\AndroidManifest.xml
9        android:targetSdkVersion="15" />
9-->[:amshell] AndroidManifest.xml:9:9-38
10
11    <uses-permission android:name="android.permission.VIBRATE" />
11-->src\main\AndroidManifest.xml:5:5-66
11-->src\main\AndroidManifest.xml:5:22-63
12    <uses-permission android:name="android.permission.WRITE_EXTERNAL_STORAGE" />
12-->src\main\AndroidManifest.xml:6:5-81
12-->src\main\AndroidManifest.xml:6:22-78
13
14    <application
14-->src\main\AndroidManifest.xml:8:5-17:19
15        android:name="main.Main"
15-->src\main\AndroidManifest.xml:8:114-138
16        android:allowBackup="true"
16-->src\main\AndroidManifest.xml:8:196-222
17        android:allowClearUserData="true"
17-->src\main\AndroidManifest.xml:8:139-172
18        android:debuggable="true"
19        android:hasCode="true"
19-->src\main\AndroidManifest.xml:8:173-195
20        android:icon="@drawable/icon"
20-->src\main\AndroidManifest.xml:8:84-113
21        android:label="MidEdit"
21-->src\main\AndroidManifest.xml:8:60-83
22        android:testOnly="true"
23        android:theme="@style/Theme.Device.Light" >
23-->src\main\AndroidManifest.xml:8:18-59
24        <activity android:name="com.silentknight.amshell.javax.microedition.shell.ConfigActivity" >
24-->src\main\AndroidManifest.xml:9:9-14:20
24-->src\main\AndroidManifest.xml:9:19-98
25            <intent-filter>
25-->src\main\AndroidManifest.xml:10:13-13:29
26                <action android:name="android.intent.action.MAIN" />
26-->src\main\AndroidManifest.xml:11:17-69
26-->src\main\AndroidManifest.xml:11:25-66
27
28                <category android:name="android.intent.category.LAUNCHER" />
28-->src\main\AndroidManifest.xml:12:17-77
28-->src\main\AndroidManifest.xml:12:27-74
29            </intent-filter>
30        </activity>
31        <activity android:name="com.silentknight.amshell.javax.microedition.lcdui.Display$ScreenActivity" />
31-->src\main\AndroidManifest.xml:15:9-109
31-->src\main\AndroidManifest.xml:15:19-106
32        <activity android:name="com.silentknight.amshell.javax.microedition.lcdui.Display$CanvasActivity" />
32-->src\main\AndroidManifest.xml:16:9-109
32-->src\main\AndroidManifest.xml:16:19-106
33    </application>
34
35</manifest>